2024-10-15T16:56:18.220-06:00  INFO 16116 --- [kafka-sample-artifact] [   scheduling-1] c.s.k.KafkaSampleArtifactApplication     : Meter = kafka.producer.buffer.available.bytes
2024-10-15T16:56:18.220-06:00  INFO 16116 --- [kafka-sample-artifact] [   scheduling-1] c.s.k.KafkaSampleArtifactApplication     : Meter = kafka.producer.requests.in.flight
2024-10-15T16:56:18.220-06:00  INFO 16116 --- [kafka-sample-artifact] [   scheduling-1] c.s.k.KafkaSampleArtifactApplication     : Meter = kafka.producer.reauthentication.latency.avg
2024-10-15T16:56:18.220-06:00  INFO 16116 --- [kafka-sample-artifact] [   scheduling-1] c.s.k.KafkaSampleArtifactApplication     : Meter = kafka.producer.io.time.ns.total
2024-10-15T16:56:18.220-06:00  INFO 16116 --- [kafka-sample-artifact] [   scheduling-1] c.s.k.KafkaSampleArtifactApplication     : Meter = kafka.producer.record.send.total
2024-10-15T16:56:18.220-06:00  INFO 16116 --- [kafka-sample-artifact] [   scheduling-1] c.s.k.KafkaSampleArtifactApplication     : Meter = kafka.producer.response.total
2024-10-15T16:56:18.220-06:00  INFO 16116 --- [kafka-sample-artifact] [   scheduling-1] c.s.k.KafkaSampleArtifactApplication     : Meter = kafka.producer.request.latency.avg
2024-10-15T16:56:18.221-06:00  INFO 16116 --- [kafka-sample-artifact] [   scheduling-1] c.s.k.KafkaSampleArtifactApplication     : Meter = kafka.producer.failed.authentication.rate
2024-10-15T16:56:18.221-06:00  INFO 16116 --- [kafka-sample-artifact] [   scheduling-1] c.s.k.KafkaSampleArtifactApplication     : Meter = kafka.producer.failed.authentication.total
2024-10-15T16:56:18.221-06:00  INFO 16116 --- [kafka-sample-artifact] [   scheduling-1] c.s.k.KafkaSampleArtifactApplication     : Meter = kafka.producer.failed.reauthentication.total
2024-10-15T16:56:18.221-06:00  INFO 16116 --- [kafka-sample-artifact] [   scheduling-1] c.s.k.KafkaSampleArtifactApplication     : Meter = kafka.producer.batch.split.rate
2024-10-15T16:56:18.221-06:00  INFO 16116 --- [kafka-sample-artifact] [   scheduling-1] c.s.k.KafkaSampleArtifactApplication     : Meter = kafka.producer.successful.authentication.rate
2024-10-15T16:56:18.221-06:00  INFO 16116 --- [kafka-sample-artifact] [   scheduling-1] c.s.k.KafkaSampleArtifactApplication     : Meter = kafka.producer.connection.close.rate
2024-10-15T16:56:18.221-06:00  INFO 16116 --- [kafka-sample-artifact] [   scheduling-1] c.s.k.KafkaSampleArtifactApplication     : Meter = kafka.producer.network.io.total
2024-10-15T16:56:18.221-06:00  INFO 16116 --- [kafka-sample-artifact] [   scheduling-1] c.s.k.KafkaSampleArtifactApplication     : Meter = kafka.producer.request.size.max
2024-10-15T16:56:18.221-06:00  INFO 16116 --- [kafka-sample-artifact] [   scheduling-1] c.s.k.KafkaSampleArtifactApplication     : Meter = kafka.producer.successful.authentication.total
2024-10-15T16:56:18.221-06:00  INFO 16116 --- [kafka-sample-artifact] [   scheduling-1] c.s.k.KafkaSampleArtifactApplication     : Meter = kafka.producer.connection.close.total
2024-10-15T16:56:18.221-06:00  INFO 16116 --- [kafka-sample-artifact] [   scheduling-1] c.s.k.KafkaSampleArtifactApplication     : Meter = kafka.producer.connection.creation.rate
2024-10-15T16:56:18.221-06:00  INFO 16116 --- [kafka-sample-artifact] [   scheduling-1] c.s.k.KafkaSampleArtifactApplication     : Meter = kafka.producer.select.total
2024-10-15T16:56:18.221-06:00  INFO 16116 --- [kafka-sample-artifact] [   scheduling-1] c.s.k.KafkaSampleArtifactApplication     : Meter = kafka.producer.record.retry.rate
2024-10-15T16:56:18.222-06:00  INFO 16116 --- [kafka-sample-artifact] [   scheduling-1] c.s.k.KafkaSampleArtifactApplication     : Meter = kafka.producer.request.rate
2024-10-15T16:56:18.222-06:00  INFO 16116 --- [kafka-sample-artifact] [   scheduling-1] c.s.k.KafkaSampleArtifactApplication     : Meter = kafka.producer.successful.reauthentication.total
2024-10-15T16:56:18.222-06:00  INFO 16116 --- [kafka-sample-artifact] [   scheduling-1] c.s.k.KafkaSampleArtifactApplication     : Meter = kafka.producer.incoming.byte.total
2024-10-15T16:56:18.222-06:00  INFO 16116 --- [kafka-sample-artifact] [   scheduling-1] c.s.k.KafkaSampleArtifactApplication     : Meter = kafka.producer.bufferpool.wait.time.total
2024-10-15T16:56:18.222-06:00  INFO 16116 --- [kafka-sample-artifact] [   scheduling-1] c.s.k.KafkaSampleArtifactApplication     : Meter = kafka.producer.record.queue.time.avg
2024-10-15T16:56:18.222-06:00  INFO 16116 --- [kafka-sample-artifact] [   scheduling-1] c.s.k.KafkaSampleArtifactApplication     : Meter = kafka.producer.connection.creation.total
2024-10-15T16:56:18.222-06:00  INFO 16116 --- [kafka-sample-artifact] [   scheduling-1] c.s.k.KafkaSampleArtifactApplication     : Meter = kafka.producer.response.rate
2024-10-15T16:56:18.222-06:00  INFO 16116 --- [kafka-sample-artifact] [   scheduling-1] c.s.k.KafkaSampleArtifactApplication     : Meter = kafka.producer.record.error.rate
2024-10-15T16:56:18.222-06:00  INFO 16116 --- [kafka-sample-artifact] [   scheduling-1] c.s.k.KafkaSampleArtifactApplication     : Meter = kafka.producer.buffer.exhausted.total
2024-10-15T16:56:18.222-06:00  INFO 16116 --- [kafka-sample-artifact] [   scheduling-1] c.s.k.KafkaSampleArtifactApplication     : Meter = kafka.app.info.start.time.ms
2024-10-15T16:56:18.222-06:00  INFO 16116 --- [kafka-sample-artifact] [   scheduling-1] c.s.k.KafkaSampleArtifactApplication     : Meter = kafka.producer.bufferpool.wait.ratio
2024-10-15T16:56:18.222-06:00  INFO 16116 --- [kafka-sample-artifact] [   scheduling-1] c.s.k.KafkaSampleArtifactApplication     : Meter = kafka.producer.record.size.avg
2024-10-15T16:56:18.222-06:00  INFO 16116 --- [kafka-sample-artifact] [   scheduling-1] c.s.k.KafkaSampleArtifactApplication     : Meter = kafka.producer.txn.begin.time.ns.total
2024-10-15T16:56:18.222-06:00  INFO 16116 --- [kafka-sample-artifact] [   scheduling-1] c.s.k.KafkaSampleArtifactApplication     : Meter = kafka.producer.record.send.rate
2024-10-15T16:56:18.222-06:00  INFO 16116 --- [kafka-sample-artifact] [   scheduling-1] c.s.k.KafkaSampleArtifactApplication     : Meter = kafka.producer.io.time.ns.avg
2024-10-15T16:56:18.222-06:00  INFO 16116 --- [kafka-sample-artifact] [   scheduling-1] c.s.k.KafkaSampleArtifactApplication     : Meter = kafka.producer.metadata.age
2024-10-15T16:56:18.222-06:00  INFO 16116 --- [kafka-sample-artifact] [   scheduling-1] c.s.k.KafkaSampleArtifactApplication     : Meter = kafka.producer.batch.split.total
2024-10-15T16:56:18.222-06:00  INFO 16116 --- [kafka-sample-artifact] [   scheduling-1] c.s.k.KafkaSampleArtifactApplication     : Meter = kafka.producer.flush.time.ns.total
2024-10-15T16:56:18.222-06:00  INFO 16116 --- [kafka-sample-artifact] [   scheduling-1] c.s.k.KafkaSampleArtifactApplication     : Meter = spring.kafka.template
2024-10-15T16:56:18.222-06:00  INFO 16116 --- [kafka-sample-artifact] [   scheduling-1] c.s.k.KafkaSampleArtifactApplication     : Meter = kafka.producer.record.error.total
2024-10-15T16:56:18.222-06:00  INFO 16116 --- [kafka-sample-artifact] [   scheduling-1] c.s.k.KafkaSampleArtifactApplication     : Meter = kafka.producer.txn.send.offsets.time.ns.total
2024-10-15T16:56:18.222-06:00  INFO 16116 --- [kafka-sample-artifact] [   scheduling-1] c.s.k.KafkaSampleArtifactApplication     : Meter = kafka.producer.metadata.wait.time.ns.total
2024-10-15T16:56:18.222-06:00  INFO 16116 --- [kafka-sample-artifact] [   scheduling-1] c.s.k.KafkaSampleArtifactApplication     : Meter = kafka.producer.txn.abort.time.ns.total
2024-10-15T16:56:18.222-06:00  INFO 16116 --- [kafka-sample-artifact] [   scheduling-1] c.s.k.KafkaSampleArtifactApplication     : Meter = kafka.producer.io.wait.time.ns.avg
2024-10-15T16:56:18.222-06:00  INFO 16116 --- [kafka-sample-artifact] [   scheduling-1] c.s.k.KafkaSampleArtifactApplication     : Meter = kafka.producer.waiting.threads
2024-10-15T16:56:18.222-06:00  INFO 16116 --- [kafka-sample-artifact] [   scheduling-1] c.s.k.KafkaSampleArtifactApplication     : Meter = kafka.producer.txn.init.time.ns.total
2024-10-15T16:56:18.222-06:00  INFO 16116 --- [kafka-sample-artifact] [   scheduling-1] c.s.k.KafkaSampleArtifactApplication     : Meter = kafka.producer.record.size.max
2024-10-15T16:56:18.222-06:00  INFO 16116 --- [kafka-sample-artifact] [   scheduling-1] c.s.k.KafkaSampleArtifactApplication     : Meter = kafka.producer.io.waittime.total
2024-10-15T16:56:18.222-06:00  INFO 16116 --- [kafka-sample-artifact] [   scheduling-1] c.s.k.KafkaSampleArtifactApplication     : Meter = kafka.producer.request.total
2024-10-15T16:56:18.222-06:00  INFO 16116 --- [kafka-sample-artifact] [   scheduling-1] c.s.k.KafkaSampleArtifactApplication     : Meter = kafka.producer.produce.throttle.time.max
2024-10-15T16:56:18.222-06:00  INFO 16116 --- [kafka-sample-artifact] [   scheduling-1] c.s.k.KafkaSampleArtifactApplication     : Meter = kafka.producer.batch.size.avg
2024-10-15T16:56:18.222-06:00  INFO 16116 --- [kafka-sample-artifact] [   scheduling-1] c.s.k.KafkaSampleArtifactApplication     : Meter = kafka.producer.batch.size.max
2024-10-15T16:56:18.222-06:00  INFO 16116 --- [kafka-sample-artifact] [   scheduling-1] c.s.k.KafkaSampleArtifactApplication     : Meter = kafka.producer.buffer.total.bytes
2024-10-15T16:56:18.222-06:00  INFO 16116 --- [kafka-sample-artifact] [   scheduling-1] c.s.k.KafkaSampleArtifactApplication     : Meter = kafka.producer.outgoing.byte.rate
2024-10-15T16:56:18.222-06:00  INFO 16116 --- [kafka-sample-artifact] [   scheduling-1] c.s.k.KafkaSampleArtifactApplication     : Meter = kafka.producer.successful.authentication.no.reauth.total
2024-10-15T16:56:18.222-06:00  INFO 16116 --- [kafka-sample-artifact] [   scheduling-1] c.s.k.KafkaSampleArtifactApplication     : Meter = kafka.producer.record.retry.total
2024-10-15T16:56:18.222-06:00  INFO 16116 --- [kafka-sample-artifact] [   scheduling-1] c.s.k.KafkaSampleArtifactApplication     : Meter = kafka.producer.failed.reauthentication.rate
2024-10-15T16:56:18.222-06:00  INFO 16116 --- [kafka-sample-artifact] [   scheduling-1] c.s.k.KafkaSampleArtifactApplication     : Meter = kafka.producer.produce.throttle.time.avg
2024-10-15T16:56:18.222-06:00  INFO 16116 --- [kafka-sample-artifact] [   scheduling-1] c.s.k.KafkaSampleArtifactApplication     : Meter = kafka.producer.io.wait.ratio
2024-10-15T16:56:18.222-06:00  INFO 16116 --- [kafka-sample-artifact] [   scheduling-1] c.s.k.KafkaSampleArtifactApplication     : Meter = kafka.producer.txn.commit.time.ns.total
2024-10-15T16:56:18.222-06:00  INFO 16116 --- [kafka-sample-artifact] [   scheduling-1] c.s.k.KafkaSampleArtifactApplication     : Meter = kafka.producer.request.latency.max
2024-10-15T16:56:18.222-06:00  INFO 16116 --- [kafka-sample-artifact] [   scheduling-1] c.s.k.KafkaSampleArtifactApplication     : Meter = spring.kafka.listener
2024-10-15T16:56:18.222-06:00  INFO 16116 --- [kafka-sample-artifact] [   scheduling-1] c.s.k.KafkaSampleArtifactApplication     : Meter = kafka.producer.io.wait.time.ns.total
2024-10-15T16:56:18.222-06:00  INFO 16116 --- [kafka-sample-artifact] [   scheduling-1] c.s.k.KafkaSampleArtifactApplication     : Meter = kafka.producer.connection.count
2024-10-15T16:56:18.222-06:00  INFO 16116 --- [kafka-sample-artifact] [   scheduling-1] c.s.k.KafkaSampleArtifactApplication     : Meter = kafka.producer.iotime.total
2024-10-15T16:56:18.222-06:00  INFO 16116 --- [kafka-sample-artifact] [   scheduling-1] c.s.k.KafkaSampleArtifactApplication     : Meter = kafka.producer.records.per.request.avg
2024-10-15T16:56:18.222-06:00  INFO 16116 --- [kafka-sample-artifact] [   scheduling-1] c.s.k.KafkaSampleArtifactApplication     : Meter = kafka.producer.io.ratio
2024-10-15T16:56:18.222-06:00  INFO 16116 --- [kafka-sample-artifact] [   scheduling-1] c.s.k.KafkaSampleArtifactApplication     : Meter = kafka.producer.outgoing.byte.total
2024-10-15T16:56:18.222-06:00  INFO 16116 --- [kafka-sample-artifact] [   scheduling-1] c.s.k.KafkaSampleArtifactApplication     : Meter = kafka.producer.select.rate
2024-10-15T16:56:18.222-06:00  INFO 16116 --- [kafka-sample-artifact] [   scheduling-1] c.s.k.KafkaSampleArtifactApplication     : Meter = kafka.producer.successful.reauthentication.rate
2024-10-15T16:56:18.222-06:00  INFO 16116 --- [kafka-sample-artifact] [   scheduling-1] c.s.k.KafkaSampleArtifactApplication     : Meter = kafka.producer.compression.rate.avg
2024-10-15T16:56:18.222-06:00  INFO 16116 --- [kafka-sample-artifact] [   scheduling-1] c.s.k.KafkaSampleArtifactApplication     : Meter = kafka.producer.request.size.avg
2024-10-15T16:56:18.222-06:00  INFO 16116 --- [kafka-sample-artifact] [   scheduling-1] c.s.k.KafkaSampleArtifactApplication     : Meter = kafka.producer.buffer.exhausted.rate
2024-10-15T16:56:18.222-06:00  INFO 16116 --- [kafka-sample-artifact] [   scheduling-1] c.s.k.KafkaSampleArtifactApplication     : Meter = kafka.producer.bufferpool.wait.time.ns.total
2024-10-15T16:56:18.222-06:00  INFO 16116 --- [kafka-sample-artifact] [   scheduling-1] c.s.k.KafkaSampleArtifactApplication     : Meter = kafka.producer.reauthentication.latency.max
2024-10-15T16:56:18.222-06:00  INFO 16116 --- [kafka-sample-artifact] [   scheduling-1] c.s.k.KafkaSampleArtifactApplication     : Meter = kafka.producer.network.io.rate
2024-10-15T16:56:18.222-06:00  INFO 16116 --- [kafka-sample-artifact] [   scheduling-1] c.s.k.KafkaSampleArtifactApplication     : Meter = kafka.producer.incoming.byte.rate
2024-10-15T16:56:18.222-06:00  INFO 16116 --- [kafka-sample-artifact] [   scheduling-1] c.s.k.KafkaSampleArtifactApplication     : Meter = kafka.producer.record.queue.time.max
2024-10-15T16:56:18.222-06:00  INFO 16116 --- [kafka-sample-artifact] [   scheduling-1] c.s.k.KafkaSampleArtifactApplication     : Count = 3100.0
2024-10-15T16:56:19.235-06:00  INFO 16116 --- [kafka-sample-artifact] [   scheduling-1] c.s.k.KafkaSampleArtifactApplication     : Meter = kafka.producer.buffer.available.bytes
2024-10-15T16:56:19.236-06:00  INFO 16116 --- [kafka-sample-artifact] [   scheduling-1] c.s.k.KafkaSampleArtifactApplication     : Meter = kafka.producer.requests.in.flight
2024-10-15T16:56:19.236-06:00  INFO 16116 --- [kafka-sample-artifact] [   scheduling-1] c.s.k.KafkaSampleArtifactApplication     : Meter = kafka.producer.reauthentication.latency.avg
2024-10-15T16:56:19.236-06:00  INFO 16116 --- [kafka-sample-artifact] [   scheduling-1] c.s.k.KafkaSampleArtifactApplication     : Meter = kafka.producer.io.time.ns.total
2024-10-15T16:56:19.236-06:00  INFO 16116 --- [kafka-sample-artifact] [   scheduling-1] c.s.k.KafkaSampleArtifactApplication     : Meter = kafka.producer.record.send.total
2024-10-15T16:56:19.236-06:00  INFO 16116 --- [kafka-sample-artifact] [   scheduling-1] c.s.k.KafkaSampleArtifactApplication     : Meter = kafka.producer.response.total
2024-10-15T16:56:19.236-06:00  INFO 16116 --- [kafka-sample-artifact] [   scheduling-1] c.s.k.KafkaSampleArtifactApplication     : Meter = kafka.producer.request.latency.avg
2024-10-15T16:56:19.236-06:00  INFO 16116 --- [kafka-sample-artifact] [   scheduling-1] c.s.k.KafkaSampleArtifactApplication     : Meter = kafka.producer.failed.authentication.rate
2024-10-15T16:56:19.236-06:00  INFO 16116 --- [kafka-sample-artifact] [   scheduling-1] c.s.k.KafkaSampleArtifactApplication     : Meter = kafka.producer.failed.authentication.total
2024-10-15T16:56:19.236-06:00  INFO 16116 --- [kafka-sample-artifact] [   scheduling-1] c.s.k.KafkaSampleArtifactApplication     : Meter = kafka.producer.failed.reauthentication.total
2024-10-15T16:56:19.236-06:00  INFO 16116 --- [kafka-sample-artifact] [   scheduling-1] c.s.k.KafkaSampleArtifactApplication     : Meter = kafka.producer.batch.split.rate
2024-10-15T16:56:19.236-06:00  INFO 16116 --- [kafka-sample-artifact] [   scheduling-1] c.s.k.KafkaSampleArtifactApplication     : Meter = kafka.producer.successful.authentication.rate
2024-10-15T16:56:19.236-06:00  INFO 16116 --- [kafka-sample-artifact] [   scheduling-1] c.s.k.KafkaSampleArtifactApplication     : Meter = kafka.producer.connection.close.rate
2024-10-15T16:56:19.236-06:00  INFO 16116 --- [kafka-sample-artifact] [   scheduling-1] c.s.k.KafkaSampleArtifactApplication     : Meter = kafka.producer.network.io.total
2024-10-15T16:56:19.236-06:00  INFO 16116 --- [kafka-sample-artifact] [   scheduling-1] c.s.k.KafkaSampleArtifactApplication     : Meter = kafka.producer.request.size.max
2024-10-15T16:56:19.236-06:00  INFO 16116 --- [kafka-sample-artifact] [   scheduling-1] c.s.k.KafkaSampleArtifactApplication     : Meter = kafka.producer.successful.authentication.total
2024-10-15T16:56:19.236-06:00  INFO 16116 --- [kafka-sample-artifact] [   scheduling-1] c.s.k.KafkaSampleArtifactApplication     : Meter = kafka.producer.connection.close.total
2024-10-15T16:56:19.236-06:00  INFO 16116 --- [kafka-sample-artifact] [   scheduling-1] c.s.k.KafkaSampleArtifactApplication     : Meter = kafka.producer.connection.creation.rate
2024-10-15T16:56:19.236-06:00  INFO 16116 --- [kafka-sample-artifact] [   scheduling-1] c.s.k.KafkaSampleArtifactApplication     : Meter = kafka.producer.select.total
2024-10-15T16:56:19.236-06:00  INFO 16116 --- [kafka-sample-artifact] [   scheduling-1] c.s.k.KafkaSampleArtifactApplication     : Meter = kafka.producer.record.retry.rate
2024-10-15T16:56:19.236-06:00  INFO 16116 --- [kafka-sample-artifact] [   scheduling-1] c.s.k.KafkaSampleArtifactApplication     : Meter = kafka.producer.request.rate
2024-10-15T16:56:19.236-06:00  INFO 16116 --- [kafka-sample-artifact] [   scheduling-1] c.s.k.KafkaSampleArtifactApplication     : Meter = kafka.producer.successful.reauthentication.total
2024-10-15T16:56:19.236-06:00  INFO 16116 --- [kafka-sample-artifact] [   scheduling-1] c.s.k.KafkaSampleArtifactApplication     : Meter = kafka.producer.incoming.byte.total
2024-10-15T16:56:19.236-06:00  INFO 16116 --- [kafka-sample-artifact] [   scheduling-1] c.s.k.KafkaSampleArtifactApplication     : Meter = kafka.producer.bufferpool.wait.time.total
2024-10-15T16:56:19.236-06:00  INFO 16116 --- [kafka-sample-artifact] [   scheduling-1] c.s.k.KafkaSampleArtifactApplication     : Meter = kafka.producer.record.queue.time.avg
2024-10-15T16:56:19.236-06:00  INFO 16116 --- [kafka-sample-artifact] [   scheduling-1] c.s.k.KafkaSampleArtifactApplication     : Meter = kafka.producer.connection.creation.total
2024-10-15T16:56:19.236-06:00  INFO 16116 --- [kafka-sample-artifact] [   scheduling-1] c.s.k.KafkaSampleArtifactApplication     : Meter = kafka.producer.response.rate
2024-10-15T16:56:19.236-06:00  INFO 16116 --- [kafka-sample-artifact] [   scheduling-1] c.s.k.KafkaSampleArtifactApplication     : Meter = kafka.producer.record.error.rate
2024-10-15T16:56:19.236-06:00  INFO 16116 --- [kafka-sample-artifact] [   scheduling-1] c.s.k.KafkaSampleArtifactApplication     : Meter = kafka.producer.buffer.exhausted.total
2024-10-15T16:56:19.236-06:00  INFO 16116 --- [kafka-sample-artifact] [   scheduling-1] c.s.k.KafkaSampleArtifactApplication     : Meter = kafka.app.info.start.time.ms
2024-10-15T16:56:19.236-06:00  INFO 16116 --- [kafka-sample-artifact] [   scheduling-1] c.s.k.KafkaSampleArtifactApplication     : Meter = kafka.producer.bufferpool.wait.ratio
2024-10-15T16:56:19.236-06:00  INFO 16116 --- [kafka-sample-artifact] [   scheduling-1] c.s.k.KafkaSampleArtifactApplication     : Meter = kafka.producer.record.size.avg
2024-10-15T16:56:19.236-06:00  INFO 16116 --- [kafka-sample-artifact] [   scheduling-1] c.s.k.KafkaSampleArtifactApplication     : Meter = kafka.producer.txn.begin.time.ns.total
2024-10-15T16:56:19.236-06:00  INFO 16116 --- [kafka-sample-artifact] [   scheduling-1] c.s.k.KafkaSampleArtifactApplication     : Meter = kafka.producer.record.send.rate
2024-10-15T16:56:19.237-06:00  INFO 16116 --- [kafka-sample-artifact] [   scheduling-1] c.s.k.KafkaSampleArtifactApplication     : Meter = kafka.producer.io.time.ns.avg
2024-10-15T16:56:19.237-06:00  INFO 16116 --- [kafka-sample-artifact] [   scheduling-1] c.s.k.KafkaSampleArtifactApplication     : Meter = kafka.producer.metadata.age
2024-10-15T16:56:19.237-06:00  INFO 16116 --- [kafka-sample-artifact] [   scheduling-1] c.s.k.KafkaSampleArtifactApplication     : Meter = kafka.producer.batch.split.total
2024-10-15T16:56:19.237-06:00  INFO 16116 --- [kafka-sample-artifact] [   scheduling-1] c.s.k.KafkaSampleArtifactApplication     : Meter = kafka.producer.flush.time.ns.total
2024-10-15T16:56:19.237-06:00  INFO 16116 --- [kafka-sample-artifact] [   scheduling-1] c.s.k.KafkaSampleArtifactApplication     : Meter = spring.kafka.template
2024-10-15T16:56:19.237-06:00  INFO 16116 --- [kafka-sample-artifact] [   scheduling-1] c.s.k.KafkaSampleArtifactApplication     : Meter = kafka.producer.record.error.total
2024-10-15T16:56:19.237-06:00  INFO 16116 --- [kafka-sample-artifact] [   scheduling-1] c.s.k.KafkaSampleArtifactApplication     : Meter = kafka.producer.txn.send.offsets.time.ns.total
2024-10-15T16:56:19.237-06:00  INFO 16116 --- [kafka-sample-artifact] [   scheduling-1] c.s.k.KafkaSampleArtifactApplication     : Meter = kafka.producer.metadata.wait.time.ns.total
2024-10-15T16:56:19.237-06:00  INFO 16116 --- [kafka-sample-artifact] [   scheduling-1] c.s.k.KafkaSampleArtifactApplication     : Meter = kafka.producer.txn.abort.time.ns.total
2024-10-15T16:56:19.237-06:00  INFO 16116 --- [kafka-sample-artifact] [   scheduling-1] c.s.k.KafkaSampleArtifactApplication     : Meter = kafka.producer.io.wait.time.ns.avg
2024-10-15T16:56:19.237-06:00  INFO 16116 --- [kafka-sample-artifact] [   scheduling-1] c.s.k.KafkaSampleArtifactApplication     : Meter = kafka.producer.waiting.threads
2024-10-15T16:56:19.237-06:00  INFO 16116 --- [kafka-sample-artifact] [   scheduling-1] c.s.k.KafkaSampleArtifactApplication     : Meter = kafka.producer.txn.init.time.ns.total
2024-10-15T16:56:19.237-06:00  INFO 16116 --- [kafka-sample-artifact] [   scheduling-1] c.s.k.KafkaSampleArtifactApplication     : Meter = kafka.producer.record.size.max
2024-10-15T16:56:19.237-06:00  INFO 16116 --- [kafka-sample-artifact] [   scheduling-1] c.s.k.KafkaSampleArtifactApplication     : Meter = kafka.producer.io.waittime.total
2024-10-15T16:56:19.237-06:00  INFO 16116 --- [kafka-sample-artifact] [   scheduling-1] c.s.k.KafkaSampleArtifactApplication     : Meter = kafka.producer.request.total
2024-10-15T16:56:19.237-06:00  INFO 16116 --- [kafka-sample-artifact] [   scheduling-1] c.s.k.KafkaSampleArtifactApplication     : Meter = kafka.producer.produce.throttle.time.max
2024-10-15T16:56:19.237-06:00  INFO 16116 --- [kafka-sample-artifact] [   scheduling-1] c.s.k.KafkaSampleArtifactApplication     : Meter = kafka.producer.batch.size.avg
2024-10-15T16:56:19.237-06:00  INFO 16116 --- [kafka-sample-artifact] [   scheduling-1] c.s.k.KafkaSampleArtifactApplication     : Meter = kafka.producer.batch.size.max
2024-10-15T16:56:19.237-06:00  INFO 16116 --- [kafka-sample-artifact] [   scheduling-1] c.s.k.KafkaSampleArtifactApplication     : Meter = kafka.producer.buffer.total.bytes
2024-10-15T16:56:19.237-06:00  INFO 16116 --- [kafka-sample-artifact] [   scheduling-1] c.s.k.KafkaSampleArtifactApplication     : Meter = kafka.producer.outgoing.byte.rate
2024-10-15T16:56:19.237-06:00  INFO 16116 --- [kafka-sample-artifact] [   scheduling-1] c.s.k.KafkaSampleArtifactApplication     : Meter = kafka.producer.successful.authentication.no.reauth.total
2024-10-15T16:56:19.237-06:00  INFO 16116 --- [kafka-sample-artifact] [   scheduling-1] c.s.k.KafkaSampleArtifactApplication     : Meter = kafka.producer.record.retry.total
2024-10-15T16:56:19.237-06:00  INFO 16116 --- [kafka-sample-artifact] [   scheduling-1] c.s.k.KafkaSampleArtifactApplication     : Meter = kafka.producer.failed.reauthentication.rate
2024-10-15T16:56:19.237-06:00  INFO 16116 --- [kafka-sample-artifact] [   scheduling-1] c.s.k.KafkaSampleArtifactApplication     : Meter = kafka.producer.produce.throttle.time.avg
2024-10-15T16:56:19.237-06:00  INFO 16116 --- [kafka-sample-artifact] [   scheduling-1] c.s.k.KafkaSampleArtifactApplication     : Meter = kafka.producer.io.wait.ratio
2024-10-15T16:56:19.237-06:00  INFO 16116 --- [kafka-sample-artifact] [   scheduling-1] c.s.k.KafkaSampleArtifactApplication     : Meter = kafka.producer.txn.commit.time.ns.total
2024-10-15T16:56:19.237-06:00  INFO 16116 --- [kafka-sample-artifact] [   scheduling-1] c.s.k.KafkaSampleArtifactApplication     : Meter = kafka.producer.request.latency.max
2024-10-15T16:56:19.237-06:00  INFO 16116 --- [kafka-sample-artifact] [   scheduling-1] c.s.k.KafkaSampleArtifactApplication     : Meter = spring.kafka.listener
2024-10-15T16:56:19.237-06:00  INFO 16116 --- [kafka-sample-artifact] [   scheduling-1] c.s.k.KafkaSampleArtifactApplication     : Meter = kafka.producer.io.wait.time.ns.total
2024-10-15T16:56:19.237-06:00  INFO 16116 --- [kafka-sample-artifact] [   scheduling-1] c.s.k.KafkaSampleArtifactApplication     : Meter = kafka.producer.connection.count
2024-10-15T16:56:19.237-06:00  INFO 16116 --- [kafka-sample-artifact] [   scheduling-1] c.s.k.KafkaSampleArtifactApplication     : Meter = kafka.producer.iotime.total
2024-10-15T16:56:19.237-06:00  INFO 16116 --- [kafka-sample-artifact] [   scheduling-1] c.s.k.KafkaSampleArtifactApplication     : Meter = kafka.producer.records.per.request.avg
2024-10-15T16:56:19.237-06:00  INFO 16116 --- [kafka-sample-artifact] [   scheduling-1] c.s.k.KafkaSampleArtifactApplication     : Meter = kafka.producer.io.ratio
2024-10-15T16:56:19.237-06:00  INFO 16116 --- [kafka-sample-artifact] [   scheduling-1] c.s.k.KafkaSampleArtifactApplication     : Meter = kafka.producer.outgoing.byte.total
2024-10-15T16:56:19.237-06:00  INFO 16116 --- [kafka-sample-artifact] [   scheduling-1] c.s.k.KafkaSampleArtifactApplication     : Meter = kafka.producer.select.rate
2024-10-15T16:56:19.237-06:00  INFO 16116 --- [kafka-sample-artifact] [   scheduling-1] c.s.k.KafkaSampleArtifactApplication     : Meter = kafka.producer.successful.reauthentication.rate
2024-10-15T16:56:19.237-06:00  INFO 16116 --- [kafka-sample-artifact] [   scheduling-1] c.s.k.KafkaSampleArtifactApplication     : Meter = kafka.producer.compression.rate.avg
2024-10-15T16:56:19.237-06:00  INFO 16116 --- [kafka-sample-artifact] [   scheduling-1] c.s.k.KafkaSampleArtifactApplication     : Meter = kafka.producer.request.size.avg
2024-10-15T16:56:19.237-06:00  INFO 16116 --- [kafka-sample-artifact] [   scheduling-1] c.s.k.KafkaSampleArtifactApplication     : Meter = kafka.producer.buffer.exhausted.rate
2024-10-15T16:56:19.237-06:00  INFO 16116 --- [kafka-sample-artifact] [   scheduling-1] c.s.k.KafkaSampleArtifactApplication     : Meter = kafka.producer.bufferpool.wait.time.ns.total
2024-10-15T16:56:19.237-06:00  INFO 16116 --- [kafka-sample-artifact] [   scheduling-1] c.s.k.KafkaSampleArtifactApplication     : Meter = kafka.producer.reauthentication.latency.max
2024-10-15T16:56:19.237-06:00  INFO 16116 --- [kafka-sample-artifact] [   scheduling-1] c.s.k.KafkaSampleArtifactApplication     : Meter = kafka.producer.network.io.rate
2024-10-15T16:56:19.237-06:00  INFO 16116 --- [kafka-sample-artifact] [   scheduling-1] c.s.k.KafkaSampleArtifactApplication     : Meter = kafka.producer.incoming.byte.rate
2024-10-15T16:56:19.237-06:00  INFO 16116 --- [kafka-sample-artifact] [   scheduling-1] c.s.k.KafkaSampleArtifactApplication     : Meter = kafka.producer.record.queue.time.max